<?xml version="1.0" encoding="UTF-8"?>
<!-- Generated by org.testng.reporters.JUnitReportReporter -->
<testsuite hostname="LAPTOP-MS3K04SB" failures="0" tests="4" name="testCases.loginPage" time="27.386" errors="0" timestamp="2022-03-02T15:23:14 IST" skipped="0">
  <testcase classname="testCases.loginPage" name="user_is_navigated_to_acme_website" time="12.957"/>
  <system-out/>
  <testcase classname="testCases.loginPage" name="user_enter_the_login_credentials" time="0.313"/>
  <system-out/>
  <testcase classname="testCases.loginPage" name="user_clicks_on_the_login_button" time="1.246"/>
  <system-out/>
  <testcase classname="testCases.loginPage" name="user_is_navigated_to_homepage_of_acme_app" time="12.870"/>
  <system-out/>
</testsuite> <!-- testCases.loginPage -->
